<?xml version="1.0" encoding="UTF-8"?>
<testsuite xmlns:xsi="http://www.w3.org/2001/XMLSchema-instance" xsi:noNamespaceSchemaLocation="https://maven.apache.org/surefire/maven-surefire-plugin/xsd/surefire-test-report.xsd" name="com.in28minutes.springboot.StudentServicesApplicationTests" time="6.718" tests="1" errors="0" skipped="0" failures="0">
  <properties>
    <property name="sun.desktop" value="windows"/>
    <property name="awt.toolkit" value="sun.awt.windows.WToolkit"/>
    <property name="file.encoding.pkg" value="sun.io"/>
    <property name="java.specification.version" value="1.8"/>
    <property name="sun.cpu.isalist" value="amd64"/>
    <property name="sun.jnu.encoding" value="Cp1252"/>
    <property name="java.class.path" value="C:\Users\jonathan.santana\eclipse-workspace\spring-boot-web-application\target\test-classes;C:\Users\jonathan.santana\eclipse-workspace\spring-boot-web-application\target\classes;D:\apache-maven-3.5.0\local-repos\org\springframework\boot\spring-boot-starter-actuator\2.0.0.RELEASE\spring-boot-starter-actuator-2.0.0.RELEASE.jar;D:\apache-maven-3.5.0\local-repos\org\springframework\boot\spring-boot-starter\2.0.0.RELEASE\spring-boot-starter-2.0.0.RELEASE.jar;D:\apache-maven-3.5.0\local-repos\org\springframework\boot\spring-boot-starter-logging\2.0.0.RELEASE\spring-boot-starter-logging-2.0.0.RELEASE.jar;D:\apache-maven-3.5.0\local-repos\ch\qos\logback\logback-classic\1.2.3\logback-classic-1.2.3.jar;D:\apache-maven-3.5.0\local-repos\ch\qos\logback\logback-core\1.2.3\logback-core-1.2.3.jar;D:\apache-maven-3.5.0\local-repos\org\apache\logging\log4j\log4j-to-slf4j\2.10.0\log4j-to-slf4j-2.10.0.jar;D:\apache-maven-3.5.0\local-repos\org\apache\logging\log4j\log4j-api\2.10.0\log4j-api-2.10.0.jar;D:\apache-maven-3.5.0\local-repos\org\slf4j\jul-to-slf4j\1.7.25\jul-to-slf4j-1.7.25.jar;D:\apache-maven-3.5.0\local-repos\javax\annotation\javax.annotation-api\1.3.2\javax.annotation-api-1.3.2.jar;D:\apache-maven-3.5.0\local-repos\org\yaml\snakeyaml\1.19\snakeyaml-1.19.jar;D:\apache-maven-3.5.0\local-repos\org\springframework\boot\spring-boot-actuator-autoconfigure\2.0.0.RELEASE\spring-boot-actuator-autoconfigure-2.0.0.RELEASE.jar;D:\apache-maven-3.5.0\local-repos\org\springframework\boot\spring-boot-actuator\2.0.0.RELEASE\spring-boot-actuator-2.0.0.RELEASE.jar;D:\apache-maven-3.5.0\local-repos\com\fasterxml\jackson\core\jackson-databind\2.9.4\jackson-databind-2.9.4.jar;D:\apache-maven-3.5.0\local-repos\com\fasterxml\jackson\core\jackson-annotations\2.9.0\jackson-annotations-2.9.0.jar;D:\apache-maven-3.5.0\local-repos\com\fasterxml\jackson\core\jackson-core\2.9.4\jackson-core-2.9.4.jar;D:\apache-maven-3.5.0\local-repos\org\springframework\spring-context\5.0.4.RELEASE\spring-context-5.0.4.RELEASE.jar;D:\apache-maven-3.5.0\local-repos\com\fasterxml\jackson\datatype\jackson-datatype-jsr310\2.9.4\jackson-datatype-jsr310-2.9.4.jar;D:\apache-maven-3.5.0\local-repos\io\micrometer\micrometer-core\1.0.1\micrometer-core-1.0.1.jar;D:\apache-maven-3.5.0\local-repos\org\hdrhistogram\HdrHistogram\2.1.10\HdrHistogram-2.1.10.jar;D:\apache-maven-3.5.0\local-repos\org\latencyutils\LatencyUtils\2.0.3\LatencyUtils-2.0.3.jar;D:\apache-maven-3.5.0\local-repos\org\springframework\boot\spring-boot-starter-web\2.0.0.RELEASE\spring-boot-starter-web-2.0.0.RELEASE.jar;D:\apache-maven-3.5.0\local-repos\org\springframework\boot\spring-boot-starter-json\2.0.0.RELEASE\spring-boot-starter-json-2.0.0.RELEASE.jar;D:\apache-maven-3.5.0\local-repos\com\fasterxml\jackson\datatype\jackson-datatype-jdk8\2.9.4\jackson-datatype-jdk8-2.9.4.jar;D:\apache-maven-3.5.0\local-repos\com\fasterxml\jackson\module\jackson-module-parameter-names\2.9.4\jackson-module-parameter-names-2.9.4.jar;D:\apache-maven-3.5.0\local-repos\org\springframework\boot\spring-boot-starter-tomcat\2.0.0.RELEASE\spring-boot-starter-tomcat-2.0.0.RELEASE.jar;D:\apache-maven-3.5.0\local-repos\org\apache\tomcat\embed\tomcat-embed-websocket\8.5.28\tomcat-embed-websocket-8.5.28.jar;D:\apache-maven-3.5.0\local-repos\org\hibernate\validator\hibernate-validator\6.0.7.Final\hibernate-validator-6.0.7.Final.jar;D:\apache-maven-3.5.0\local-repos\javax\validation\validation-api\2.0.1.Final\validation-api-2.0.1.Final.jar;D:\apache-maven-3.5.0\local-repos\org\jboss\logging\jboss-logging\3.3.2.Final\jboss-logging-3.3.2.Final.jar;D:\apache-maven-3.5.0\local-repos\com\fasterxml\classmate\1.3.4\classmate-1.3.4.jar;D:\apache-maven-3.5.0\local-repos\org\springframework\spring-web\5.0.4.RELEASE\spring-web-5.0.4.RELEASE.jar;D:\apache-maven-3.5.0\local-repos\org\springframework\spring-beans\5.0.4.RELEASE\spring-beans-5.0.4.RELEASE.jar;D:\apache-maven-3.5.0\local-repos\org\springframework\spring-webmvc\5.0.4.RELEASE\spring-webmvc-5.0.4.RELEASE.jar;D:\apache-maven-3.5.0\local-repos\org\springframework\spring-expression\5.0.4.RELEASE\spring-expression-5.0.4.RELEASE.jar;D:\apache-maven-3.5.0\local-repos\org\springframework\boot\spring-boot-starter-security\2.0.0.RELEASE\spring-boot-starter-security-2.0.0.RELEASE.jar;D:\apache-maven-3.5.0\local-repos\org\springframework\spring-aop\5.0.4.RELEASE\spring-aop-5.0.4.RELEASE.jar;D:\apache-maven-3.5.0\local-repos\org\springframework\security\spring-security-config\5.0.3.RELEASE\spring-security-config-5.0.3.RELEASE.jar;D:\apache-maven-3.5.0\local-repos\org\springframework\security\spring-security-core\5.0.3.RELEASE\spring-security-core-5.0.3.RELEASE.jar;D:\apache-maven-3.5.0\local-repos\org\springframework\security\spring-security-web\5.0.3.RELEASE\spring-security-web-5.0.3.RELEASE.jar;D:\apache-maven-3.5.0\local-repos\org\apache\tomcat\embed\tomcat-embed-jasper\8.5.28\tomcat-embed-jasper-8.5.28.jar;D:\apache-maven-3.5.0\local-repos\org\apache\tomcat\embed\tomcat-embed-core\8.5.28\tomcat-embed-core-8.5.28.jar;D:\apache-maven-3.5.0\local-repos\org\apache\tomcat\tomcat-annotations-api\8.5.28\tomcat-annotations-api-8.5.28.jar;D:\apache-maven-3.5.0\local-repos\org\apache\tomcat\embed\tomcat-embed-el\8.5.28\tomcat-embed-el-8.5.28.jar;D:\apache-maven-3.5.0\local-repos\org\eclipse\jdt\ecj\3.12.3\ecj-3.12.3.jar;D:\apache-maven-3.5.0\local-repos\org\springframework\boot\spring-boot-devtools\2.0.0.RELEASE\spring-boot-devtools-2.0.0.RELEASE.jar;D:\apache-maven-3.5.0\local-repos\org\springframework\boot\spring-boot\2.0.0.RELEASE\spring-boot-2.0.0.RELEASE.jar;D:\apache-maven-3.5.0\local-repos\org\springframework\boot\spring-boot-autoconfigure\2.0.0.RELEASE\spring-boot-autoconfigure-2.0.0.RELEASE.jar;D:\apache-maven-3.5.0\local-repos\org\springframework\boot\spring-boot-starter-test\2.0.0.RELEASE\spring-boot-starter-test-2.0.0.RELEASE.jar;D:\apache-maven-3.5.0\local-repos\org\springframework\boot\spring-boot-test\2.0.0.RELEASE\spring-boot-test-2.0.0.RELEASE.jar;D:\apache-maven-3.5.0\local-repos\org\springframework\boot\spring-boot-test-autoconfigure\2.0.0.RELEASE\spring-boot-test-autoconfigure-2.0.0.RELEASE.jar;D:\apache-maven-3.5.0\local-repos\com\jayway\jsonpath\json-path\2.4.0\json-path-2.4.0.jar;D:\apache-maven-3.5.0\local-repos\net\minidev\json-smart\2.3\json-smart-2.3.jar;D:\apache-maven-3.5.0\local-repos\net\minidev\accessors-smart\1.2\accessors-smart-1.2.jar;D:\apache-maven-3.5.0\local-repos\org\ow2\asm\asm\5.0.4\asm-5.0.4.jar;D:\apache-maven-3.5.0\local-repos\org\slf4j\slf4j-api\1.7.25\slf4j-api-1.7.25.jar;D:\apache-maven-3.5.0\local-repos\junit\junit\4.12\junit-4.12.jar;D:\apache-maven-3.5.0\local-repos\org\assertj\assertj-core\3.9.1\assertj-core-3.9.1.jar;D:\apache-maven-3.5.0\local-repos\org\mockito\mockito-core\2.15.0\mockito-core-2.15.0.jar;D:\apache-maven-3.5.0\local-repos\net\bytebuddy\byte-buddy\1.7.10\byte-buddy-1.7.10.jar;D:\apache-maven-3.5.0\local-repos\net\bytebuddy\byte-buddy-agent\1.7.10\byte-buddy-agent-1.7.10.jar;D:\apache-maven-3.5.0\local-repos\org\objenesis\objenesis\2.6\objenesis-2.6.jar;D:\apache-maven-3.5.0\local-repos\org\hamcrest\hamcrest-core\1.3\hamcrest-core-1.3.jar;D:\apache-maven-3.5.0\local-repos\org\hamcrest\hamcrest-library\1.3\hamcrest-library-1.3.jar;D:\apache-maven-3.5.0\local-repos\org\skyscreamer\jsonassert\1.5.0\jsonassert-1.5.0.jar;D:\apache-maven-3.5.0\local-repos\com\vaadin\external\google\android-json\0.0.20131108.vaadin1\android-json-0.0.20131108.vaadin1.jar;D:\apache-maven-3.5.0\local-repos\org\springframework\spring-core\5.0.4.RELEASE\spring-core-5.0.4.RELEASE.jar;D:\apache-maven-3.5.0\local-repos\org\springframework\spring-jcl\5.0.4.RELEASE\spring-jcl-5.0.4.RELEASE.jar;D:\apache-maven-3.5.0\local-repos\org\springframework\spring-test\5.0.4.RELEASE\spring-test-5.0.4.RELEASE.jar;D:\apache-maven-3.5.0\local-repos\org\xmlunit\xmlunit-core\2.5.1\xmlunit-core-2.5.1.jar;D:\apache-maven-3.5.0\local-repos\javax\servlet\jstl\1.2\jstl-1.2.jar;"/>
    <property name="java.vm.vendor" value="Oracle Corporation"/>
    <property name="sun.arch.data.model" value="64"/>
    <property name="user.variant" value=""/>
    <property name="java.vendor.url" value="http://java.oracle.com/"/>
    <property name="user.timezone" value=""/>
    <property name="java.vm.specification.version" value="1.8"/>
    <property name="os.name" value="Windows 10"/>
    <property name="user.country" value="BR"/>
    <property name="sun.java.launcher" value="SUN_STANDARD"/>
    <property name="sun.boot.library.path" value="C:\Program Files\Java\jdk1.8.0_181\jre\bin"/>
    <property name="sun.java.command" value="C:\Users\JONATH~1.SAN\AppData\Local\Temp\surefire7795214614601825323\surefirebooter6258831375480641510.jar C:\Users\jonathan.santana\AppData\Local\Temp\surefire7795214614601825323 2018-11-01T13-56-05_314-jvmRun1 surefire4851701939733355581tmp surefire_04520902082442668174tmp"/>
    <property name="surefire.test.class.path" value="C:\Users\jonathan.santana\eclipse-workspace\spring-boot-web-application\target\test-classes;C:\Users\jonathan.santana\eclipse-workspace\spring-boot-web-application\target\classes;D:\apache-maven-3.5.0\local-repos\org\springframework\boot\spring-boot-starter-actuator\2.0.0.RELEASE\spring-boot-starter-actuator-2.0.0.RELEASE.jar;D:\apache-maven-3.5.0\local-repos\org\springframework\boot\spring-boot-starter\2.0.0.RELEASE\spring-boot-starter-2.0.0.RELEASE.jar;D:\apache-maven-3.5.0\local-repos\org\springframework\boot\spring-boot-starter-logging\2.0.0.RELEASE\spring-boot-starter-logging-2.0.0.RELEASE.jar;D:\apache-maven-3.5.0\local-repos\ch\qos\logback\logback-classic\1.2.3\logback-classic-1.2.3.jar;D:\apache-maven-3.5.0\local-repos\ch\qos\logback\logback-core\1.2.3\logback-core-1.2.3.jar;D:\apache-maven-3.5.0\local-repos\org\apache\logging\log4j\log4j-to-slf4j\2.10.0\log4j-to-slf4j-2.10.0.jar;D:\apache-maven-3.5.0\local-repos\org\apache\logging\log4j\log4j-api\2.10.0\log4j-api-2.10.0.jar;D:\apache-maven-3.5.0\local-repos\org\slf4j\jul-to-slf4j\1.7.25\jul-to-slf4j-1.7.25.jar;D:\apache-maven-3.5.0\local-repos\javax\annotation\javax.annotation-api\1.3.2\javax.annotation-api-1.3.2.jar;D:\apache-maven-3.5.0\local-repos\org\yaml\snakeyaml\1.19\snakeyaml-1.19.jar;D:\apache-maven-3.5.0\local-repos\org\springframework\boot\spring-boot-actuator-autoconfigure\2.0.0.RELEASE\spring-boot-actuator-autoconfigure-2.0.0.RELEASE.jar;D:\apache-maven-3.5.0\local-repos\org\springframework\boot\spring-boot-actuator\2.0.0.RELEASE\spring-boot-actuator-2.0.0.RELEASE.jar;D:\apache-maven-3.5.0\local-repos\com\fasterxml\jackson\core\jackson-databind\2.9.4\jackson-databind-2.9.4.jar;D:\apache-maven-3.5.0\local-repos\com\fasterxml\jackson\core\jackson-annotations\2.9.0\jackson-annotations-2.9.0.jar;D:\apache-maven-3.5.0\local-repos\com\fasterxml\jackson\core\jackson-core\2.9.4\jackson-core-2.9.4.jar;D:\apache-maven-3.5.0\local-repos\org\springframework\spring-context\5.0.4.RELEASE\spring-context-5.0.4.RELEASE.jar;D:\apache-maven-3.5.0\local-repos\com\fasterxml\jackson\datatype\jackson-datatype-jsr310\2.9.4\jackson-datatype-jsr310-2.9.4.jar;D:\apache-maven-3.5.0\local-repos\io\micrometer\micrometer-core\1.0.1\micrometer-core-1.0.1.jar;D:\apache-maven-3.5.0\local-repos\org\hdrhistogram\HdrHistogram\2.1.10\HdrHistogram-2.1.10.jar;D:\apache-maven-3.5.0\local-repos\org\latencyutils\LatencyUtils\2.0.3\LatencyUtils-2.0.3.jar;D:\apache-maven-3.5.0\local-repos\org\springframework\boot\spring-boot-starter-web\2.0.0.RELEASE\spring-boot-starter-web-2.0.0.RELEASE.jar;D:\apache-maven-3.5.0\local-repos\org\springframework\boot\spring-boot-starter-json\2.0.0.RELEASE\spring-boot-starter-json-2.0.0.RELEASE.jar;D:\apache-maven-3.5.0\local-repos\com\fasterxml\jackson\datatype\jackson-datatype-jdk8\2.9.4\jackson-datatype-jdk8-2.9.4.jar;D:\apache-maven-3.5.0\local-repos\com\fasterxml\jackson\module\jackson-module-parameter-names\2.9.4\jackson-module-parameter-names-2.9.4.jar;D:\apache-maven-3.5.0\local-repos\org\springframework\boot\spring-boot-starter-tomcat\2.0.0.RELEASE\spring-boot-starter-tomcat-2.0.0.RELEASE.jar;D:\apache-maven-3.5.0\local-repos\org\apache\tomcat\embed\tomcat-embed-websocket\8.5.28\tomcat-embed-websocket-8.5.28.jar;D:\apache-maven-3.5.0\local-repos\org\hibernate\validator\hibernate-validator\6.0.7.Final\hibernate-validator-6.0.7.Final.jar;D:\apache-maven-3.5.0\local-repos\javax\validation\validation-api\2.0.1.Final\validation-api-2.0.1.Final.jar;D:\apache-maven-3.5.0\local-repos\org\jboss\logging\jboss-logging\3.3.2.Final\jboss-logging-3.3.2.Final.jar;D:\apache-maven-3.5.0\local-repos\com\fasterxml\classmate\1.3.4\classmate-1.3.4.jar;D:\apache-maven-3.5.0\local-repos\org\springframework\spring-web\5.0.4.RELEASE\spring-web-5.0.4.RELEASE.jar;D:\apache-maven-3.5.0\local-repos\org\springframework\spring-beans\5.0.4.RELEASE\spring-beans-5.0.4.RELEASE.jar;D:\apache-maven-3.5.0\local-repos\org\springframework\spring-webmvc\5.0.4.RELEASE\spring-webmvc-5.0.4.RELEASE.jar;D:\apache-maven-3.5.0\local-repos\org\springframework\spring-expression\5.0.4.RELEASE\spring-expression-5.0.4.RELEASE.jar;D:\apache-maven-3.5.0\local-repos\org\springframework\boot\spring-boot-starter-security\2.0.0.RELEASE\spring-boot-starter-security-2.0.0.RELEASE.jar;D:\apache-maven-3.5.0\local-repos\org\springframework\spring-aop\5.0.4.RELEASE\spring-aop-5.0.4.RELEASE.jar;D:\apache-maven-3.5.0\local-repos\org\springframework\security\spring-security-config\5.0.3.RELEASE\spring-security-config-5.0.3.RELEASE.jar;D:\apache-maven-3.5.0\local-repos\org\springframework\security\spring-security-core\5.0.3.RELEASE\spring-security-core-5.0.3.RELEASE.jar;D:\apache-maven-3.5.0\local-repos\org\springframework\security\spring-security-web\5.0.3.RELEASE\spring-security-web-5.0.3.RELEASE.jar;D:\apache-maven-3.5.0\local-repos\org\apache\tomcat\embed\tomcat-embed-jasper\8.5.28\tomcat-embed-jasper-8.5.28.jar;D:\apache-maven-3.5.0\local-repos\org\apache\tomcat\embed\tomcat-embed-core\8.5.28\tomcat-embed-core-8.5.28.jar;D:\apache-maven-3.5.0\local-repos\org\apache\tomcat\tomcat-annotations-api\8.5.28\tomcat-annotations-api-8.5.28.jar;D:\apache-maven-3.5.0\local-repos\org\apache\tomcat\embed\tomcat-embed-el\8.5.28\tomcat-embed-el-8.5.28.jar;D:\apache-maven-3.5.0\local-repos\org\eclipse\jdt\ecj\3.12.3\ecj-3.12.3.jar;D:\apache-maven-3.5.0\local-repos\org\springframework\boot\spring-boot-devtools\2.0.0.RELEASE\spring-boot-devtools-2.0.0.RELEASE.jar;D:\apache-maven-3.5.0\local-repos\org\springframework\boot\spring-boot\2.0.0.RELEASE\spring-boot-2.0.0.RELEASE.jar;D:\apache-maven-3.5.0\local-repos\org\springframework\boot\spring-boot-autoconfigure\2.0.0.RELEASE\spring-boot-autoconfigure-2.0.0.RELEASE.jar;D:\apache-maven-3.5.0\local-repos\org\springframework\boot\spring-boot-starter-test\2.0.0.RELEASE\spring-boot-starter-test-2.0.0.RELEASE.jar;D:\apache-maven-3.5.0\local-repos\org\springframework\boot\spring-boot-test\2.0.0.RELEASE\spring-boot-test-2.0.0.RELEASE.jar;D:\apache-maven-3.5.0\local-repos\org\springframework\boot\spring-boot-test-autoconfigure\2.0.0.RELEASE\spring-boot-test-autoconfigure-2.0.0.RELEASE.jar;D:\apache-maven-3.5.0\local-repos\com\jayway\jsonpath\json-path\2.4.0\json-path-2.4.0.jar;D:\apache-maven-3.5.0\local-repos\net\minidev\json-smart\2.3\json-smart-2.3.jar;D:\apache-maven-3.5.0\local-repos\net\minidev\accessors-smart\1.2\accessors-smart-1.2.jar;D:\apache-maven-3.5.0\local-repos\org\ow2\asm\asm\5.0.4\asm-5.0.4.jar;D:\apache-maven-3.5.0\local-repos\org\slf4j\slf4j-api\1.7.25\slf4j-api-1.7.25.jar;D:\apache-maven-3.5.0\local-repos\junit\junit\4.12\junit-4.12.jar;D:\apache-maven-3.5.0\local-repos\org\assertj\assertj-core\3.9.1\assertj-core-3.9.1.jar;D:\apache-maven-3.5.0\local-repos\org\mockito\mockito-core\2.15.0\mockito-core-2.15.0.jar;D:\apache-maven-3.5.0\local-repos\net\bytebuddy\byte-buddy\1.7.10\byte-buddy-1.7.10.jar;D:\apache-maven-3.5.0\local-repos\net\bytebuddy\byte-buddy-agent\1.7.10\byte-buddy-agent-1.7.10.jar;D:\apache-maven-3.5.0\local-repos\org\objenesis\objenesis\2.6\objenesis-2.6.jar;D:\apache-maven-3.5.0\local-repos\org\hamcrest\hamcrest-core\1.3\hamcrest-core-1.3.jar;D:\apache-maven-3.5.0\local-repos\org\hamcrest\hamcrest-library\1.3\hamcrest-library-1.3.jar;D:\apache-maven-3.5.0\local-repos\org\skyscreamer\jsonassert\1.5.0\jsonassert-1.5.0.jar;D:\apache-maven-3.5.0\local-repos\com\vaadin\external\google\android-json\0.0.20131108.vaadin1\android-json-0.0.20131108.vaadin1.jar;D:\apache-maven-3.5.0\local-repos\org\springframework\spring-core\5.0.4.RELEASE\spring-core-5.0.4.RELEASE.jar;D:\apache-maven-3.5.0\local-repos\org\springframework\spring-jcl\5.0.4.RELEASE\spring-jcl-5.0.4.RELEASE.jar;D:\apache-maven-3.5.0\local-repos\org\springframework\spring-test\5.0.4.RELEASE\spring-test-5.0.4.RELEASE.jar;D:\apache-maven-3.5.0\local-repos\org\xmlunit\xmlunit-core\2.5.1\xmlunit-core-2.5.1.jar;D:\apache-maven-3.5.0\local-repos\javax\servlet\jstl\1.2\jstl-1.2.jar;"/>
    <property name="sun.cpu.endian" value="little"/>
    <property name="user.home" value="C:\Users\jonathan.santana"/>
    <property name="user.language" value="pt"/>
    <property name="java.specification.vendor" value="Oracle Corporation"/>
    <property name="java.home" value="C:\Program Files\Java\jdk1.8.0_181\jre"/>
    <property name="basedir" value="C:\Users\jonathan.santana\eclipse-workspace\spring-boot-web-application"/>
    <property name="file.separator" value="\"/>
    <property name="line.separator" value="&#10;"/>
    <property name="java.vm.specification.vendor" value="Oracle Corporation"/>
    <property name="java.specification.name" value="Java Platform API Specification"/>
    <property name="java.awt.graphicsenv" value="sun.awt.Win32GraphicsEnvironment"/>
    <property name="surefire.real.class.path" value="C:\Users\JONATH~1.SAN\AppData\Local\Temp\surefire7795214614601825323\surefirebooter6258831375480641510.jar"/>
    <property name="sun.boot.class.path" value="C:\Program Files\Java\jdk1.8.0_181\jre\lib\resources.jar;C:\Program Files\Java\jdk1.8.0_181\jre\lib\rt.jar;C:\Program Files\Java\jdk1.8.0_181\jre\lib\sunrsasign.jar;C:\Program Files\Java\jdk1.8.0_181\jre\lib\jsse.jar;C:\Program Files\Java\jdk1.8.0_181\jre\lib\jce.jar;C:\Program Files\Java\jdk1.8.0_181\jre\lib\charsets.jar;C:\Program Files\Java\jdk1.8.0_181\jre\lib\jfr.jar;C:\Program Files\Java\jdk1.8.0_181\jre\classes"/>
    <property name="user.script" value=""/>
    <property name="sun.management.compiler" value="HotSpot 64-Bit Tiered Compilers"/>
    <property name="java.runtime.version" value="1.8.0_181-b13"/>
    <property name="user.name" value="jonathan.santana"/>
    <property name="path.separator" value=";"/>
    <property name="os.version" value="10.0"/>
    <property name="java.endorsed.dirs" value="C:\Program Files\Java\jdk1.8.0_181\jre\lib\endorsed"/>
    <property name="java.runtime.name" value="Java(TM) SE Runtime Environment"/>
    <property name="file.encoding" value="Cp1252"/>
    <property name="java.vm.name" value="Java HotSpot(TM) 64-Bit Server VM"/>
    <property name="localRepository" value="D:\apache-maven-3.5.0\local-repos"/>
    <property name="java.vendor.url.bug" value="http://bugreport.sun.com/bugreport/"/>
    <property name="java.io.tmpdir" value="C:\Users\JONATH~1.SAN\AppData\Local\Temp\"/>
    <property name="java.version" value="1.8.0_181"/>
    <property name="user.dir" value="C:\Users\jonathan.santana\eclipse-workspace\spring-boot-web-application"/>
    <property name="os.arch" value="amd64"/>
    <property name="java.vm.specification.name" value="Java Virtual Machine Specification"/>
    <property name="java.awt.printerjob" value="sun.awt.windows.WPrinterJob"/>
    <property name="sun.os.patch.level" value=""/>
    <property name="java.library.path" value="C:\Program Files\Java\jdk1.8.0_181\jre\bin;C:\Windows\Sun\Java\bin;C:\Windows\system32;C:\Windows;C:/Program Files/Java/jre1.8.0_181/bin/server;C:/Program Files/Java/jre1.8.0_181/bin;C:/Program Files/Java/jre1.8.0_181/lib/amd64;C:\app\Administrador\product\11.2.0\client_1\bin;C:\Program Files (x86)\Common Files\Oracle\Java\javapath;C:\Windows\system32;C:\Windows;C:\Windows\System32\Wbem;C:\Windows\System32\WindowsPowerShell\v1.0\;C:\Program Files\PuTTY\;C:\Program Files (x86)\Centura;D:\dev\jdk1.8.0_144\bin;C:\Program Files\TortoiseGit\bin;C:\Program Files\TortoiseSVN\bin;C:\Program Files\nodejs\;C:\app\Administrador\product\11.2.0\client_1\bin;C:\Program Files (x86)\Common Files\Oracle\Java\javapath;C:\Windows\system32;C:\Windows;C:\Windows\System32\Wbem;C:\Windows\System32\WindowsPowerShell\v1.0\;C:\Program Files\PuTTY\;C:\Program Files (x86)\Centura;C:\Program Files\nodejs\;D:\dev\jdk1.8.0_144\bin;C:\Users\jonathan.santana\AppData\Local\Programs\Git\cmd;C:\Users\jonathan.santana\AppData\Local\Programs\Microsoft VS Code\bin;C:\Users\jonathan.santana\AppData\Roaming\npm;C:\Users\jonathan.santana\Downloads\eclipse-jee-photon-R-win32-x86_64 (1)\eclipse;;."/>
    <property name="java.vm.info" value="mixed mode"/>
    <property name="java.vendor" value="Oracle Corporation"/>
    <property name="java.vm.version" value="25.181-b13"/>
    <property name="java.ext.dirs" value="C:\Program Files\Java\jdk1.8.0_181\jre\lib\ext;C:\Windows\Sun\Java\lib\ext"/>
    <property name="sun.io.unicode.encoding" value="UnicodeLittle"/>
    <property name="java.class.version" value="52.0"/>
  </properties>
  <testcase name="contextLoads" classname="com.in28minutes.springboot.StudentServicesApplicationTests" time="0.12"/>
</testsuite>